ChargeProxy/build/outputs/logs/manifest-merger-release-report.txt
-- Merging decision tree log ---
manifest
ADDED from ximaduochang/ChargeProxy/AndroidManifest.xml:1:1-15:12
INJECTED from ximaduochang/ChargeProxy/AndroidManifest.xml:1:1-15:12
INJECTED from ximaduochang/ChargeProxy/AndroidManifest.xml:1:1-15:12
INJECTED from ximaduochang/ChargeProxy/AndroidManifest.xml:1:1-15:12
INJECTED from ximaduochang/ChargeProxy/AndroidManifest.xml:1:1-15:12
INJECTED from ximaduochang/ChargeProxy/AndroidManifest.xml:1:1-15:12
INJECTED from ximaduochang/ChargeProxy/AndroidManifest.xml:1:1-15:12
	package
		ADDED from ximaduochang/ChargeProxy/AndroidManifest.xml:2:5-37
		INJECTED from ximaduochang/ChargeProxy/AndroidManifest.xml
		INJECTED from ximaduochang/ChargeProxy/AndroidManifest.xml
	android:versionName
		ADDED from ximaduochang/ChargeProxy/AndroidManifest.xml:4:5-30
		INJECTED from ximaduochang/ChargeProxy/AndroidManifest.xml
		INJECTED from ximaduochang/ChargeProxy/AndroidManifest.xml
	xmlns:android
		ADDED from ximaduochang/ChargeProxy/AndroidManifest.xml:1:11-69
	android:versionCode
		ADDED from ximaduochang/ChargeProxy/AndroidManifest.xml:3:5-28
		INJECTED from ximaduochang/ChargeProxy/AndroidManifest.xml
		INJECTED from ximaduochang/ChargeProxy/AndroidManifest.xml
uses-sdk
ADDED from ximaduochang/ChargeProxy/AndroidManifest.xml:6:5-8:41
	android:targetSdkVersion
		ADDED from ximaduochang/ChargeProxy/AndroidManifest.xml:8:9-38
	android:minSdkVersion
		ADDED from ximaduochang/ChargeProxy/AndroidManifest.xml:7:9-34
application
ADDED from ximaduochang/ChargeProxy/AndroidManifest.xml:10:5-13:19
	android:label
		ADDED from ximaduochang/ChargeProxy/AndroidManifest.xml:12:9-41
	android:allowBackup
		ADDED from ximaduochang/ChargeProxy/AndroidManifest.xml:11:9-35